c:\users\binmatsui\downloads\zlib128\zlib-1.2.8\contrib\vstudio\vc11\x86\zlibstatdebug\tmp\zutil.obj
c:\users\binmatsui\downloads\zlib128\zlib-1.2.8\contrib\vstudio\vc11\x86\zlibstatdebug\tmp\zip.obj
c:\users\binmatsui\downloads\zlib128\zlib-1.2.8\contrib\vstudio\vc11\x86\zlibstatdebug\tmp\unzip.obj
c:\users\binmatsui\downloads\zlib128\zlib-1.2.8\contrib\vstudio\vc11\x86\zlibstatdebug\tmp\uncompr.obj
c:\users\binmatsui\downloads\zlib128\zlib-1.2.8\contrib\vstudio\vc11\x86\zlibstatdebug\tmp\trees.obj
c:\users\binmatsui\downloads\zlib128\zlib-1.2.8\contrib\vstudio\vc11\x86\zlibstatdebug\tmp\ioapi.obj
c:\users\binmatsui\downloads\zlib128\zlib-1.2.8\contrib\vstudio\vc11\x86\zlibstatdebug\tmp\inftrees.obj
c:\users\binmatsui\downloads\zlib128\zlib-1.2.8\contrib\vstudio\vc11\x86\zlibstatdebug\tmp\inflate.obj
c:\users\binmatsui\downloads\zlib128\zlib-1.2.8\contrib\vstudio\vc11\x86\zlibstatdebug\tmp\inffast.obj
c:\users\binmatsui\downloads\zlib128\zlib-1.2.8\contrib\vstudio\vc11\x86\zlibstatdebug\tmp\infback.obj
c:\users\binmatsui\downloads\zlib128\zlib-1.2.8\contrib\vstudio\vc11\x86\zlibstatdebug\tmp\gzwrite.obj
c:\users\binmatsui\downloads\zlib128\zlib-1.2.8\contrib\vstudio\vc11\x86\zlibstatdebug\tmp\gzread.obj
c:\users\binmatsui\downloads\zlib128\zlib-1.2.8\contrib\vstudio\vc11\x86\zlibstatdebug\tmp\gzlib.obj
c:\users\binmatsui\downloads\zlib128\zlib-1.2.8\contrib\vstudio\vc11\x86\zlibstatdebug\tmp\gzclose.obj
c:\users\binmatsui\downloads\zlib128\zlib-1.2.8\contrib\vstudio\vc11\x86\zlibstatdebug\tmp\deflate.obj
c:\users\binmatsui\downloads\zlib128\zlib-1.2.8\contrib\vstudio\vc11\x86\zlibstatdebug\tmp\crc32.obj
c:\users\binmatsui\downloads\zlib128\zlib-1.2.8\contrib\vstudio\vc11\x86\zlibstatdebug\tmp\compress.obj
c:\users\binmatsui\downloads\zlib128\zlib-1.2.8\contrib\vstudio\vc11\x86\zlibstatdebug\tmp\adler32.obj
c:\users\binmatsui\downloads\zlib128\zlib-1.2.8\contrib\vstudio\vc11\x86\zlibstatdebug\zlibstat.lib
c:\users\binmatsui\downloads\zlib128\zlib-1.2.8\contrib\vstudio\vc11\x86\zlibstatdebug\tmp\zlib.res
c:\users\binmatsui\downloads\zlib128\zlib-1.2.8\contrib\vstudio\vc11\x86\zlibstatdebug\tmp\zlibstat.tlog\cl.command.1.tlog
c:\users\binmatsui\downloads\zlib128\zlib-1.2.8\contrib\vstudio\vc11\x86\zlibstatdebug\tmp\zlibstat.tlog\cl.read.1.tlog
c:\users\binmatsui\downloads\zlib128\zlib-1.2.8\contrib\vstudio\vc11\x86\zlibstatdebug\tmp\zlibstat.tlog\cl.write.1.tlog
c:\users\binmatsui\downloads\zlib128\zlib-1.2.8\contrib\vstudio\vc11\x86\zlibstatdebug\tmp\zlibstat.tlog\lib-link-cvtres.read.1.tlog
c:\users\binmatsui\downloads\zlib128\zlib-1.2.8\contrib\vstudio\vc11\x86\zlibstatdebug\tmp\zlibstat.tlog\lib-link-cvtres.write.1.tlog
c:\users\binmatsui\downloads\zlib128\zlib-1.2.8\contrib\vstudio\vc11\x86\zlibstatdebug\tmp\zlibstat.tlog\lib.command.1.tlog
c:\users\binmatsui\downloads\zlib128\zlib-1.2.8\contrib\vstudio\vc11\x86\zlibstatdebug\tmp\zlibstat.tlog\rc.command.1.tlog
c:\users\binmatsui\downloads\zlib128\zlib-1.2.8\contrib\vstudio\vc11\x86\zlibstatdebug\tmp\zlibstat.tlog\rc.read.1.tlog
c:\users\binmatsui\downloads\zlib128\zlib-1.2.8\contrib\vstudio\vc11\x86\zlibstatdebug\tmp\zlibstat.tlog\rc.write.1.tlog
