c:\users\binmatsui\downloads\zlib128\zlib-1.2.8\contrib\vstudio\vc11\x86\zlibdlldebug\vc140.pdb
c:\users\binmatsui\downloads\zlib128\zlib-1.2.8\contrib\vstudio\vc11\x86\zlibdlldebug\tmp\zutil.obj
c:\users\binmatsui\downloads\zlib128\zlib-1.2.8\contrib\vstudio\vc11\x86\zlibdlldebug\tmp\zip.obj
c:\users\binmatsui\downloads\zlib128\zlib-1.2.8\contrib\vstudio\vc11\x86\zlibdlldebug\tmp\unzip.obj
c:\users\binmatsui\downloads\zlib128\zlib-1.2.8\contrib\vstudio\vc11\x86\zlibdlldebug\tmp\uncompr.obj
c:\users\binmatsui\downloads\zlib128\zlib-1.2.8\contrib\vstudio\vc11\x86\zlibdlldebug\tmp\trees.obj
c:\users\binmatsui\downloads\zlib128\zlib-1.2.8\contrib\vstudio\vc11\x86\zlibdlldebug\tmp\iowin32.obj
c:\users\binmatsui\downloads\zlib128\zlib-1.2.8\contrib\vstudio\vc11\x86\zlibdlldebug\tmp\ioapi.obj
c:\users\binmatsui\downloads\zlib128\zlib-1.2.8\contrib\vstudio\vc11\x86\zlibdlldebug\tmp\inftrees.obj
c:\users\binmatsui\downloads\zlib128\zlib-1.2.8\contrib\vstudio\vc11\x86\zlibdlldebug\tmp\inflate.obj
c:\users\binmatsui\downloads\zlib128\zlib-1.2.8\contrib\vstudio\vc11\x86\zlibdlldebug\tmp\inffast.obj
c:\users\binmatsui\downloads\zlib128\zlib-1.2.8\contrib\vstudio\vc11\x86\zlibdlldebug\tmp\infback.obj
c:\users\binmatsui\downloads\zlib128\zlib-1.2.8\contrib\vstudio\vc11\x86\zlibdlldebug\tmp\gzwrite.obj
c:\users\binmatsui\downloads\zlib128\zlib-1.2.8\contrib\vstudio\vc11\x86\zlibdlldebug\tmp\gzread.obj
c:\users\binmatsui\downloads\zlib128\zlib-1.2.8\contrib\vstudio\vc11\x86\zlibdlldebug\tmp\gzlib.obj
c:\users\binmatsui\downloads\zlib128\zlib-1.2.8\contrib\vstudio\vc11\x86\zlibdlldebug\tmp\gzclose.obj
c:\users\binmatsui\downloads\zlib128\zlib-1.2.8\contrib\vstudio\vc11\x86\zlibdlldebug\tmp\deflate.obj
c:\users\binmatsui\downloads\zlib128\zlib-1.2.8\contrib\vstudio\vc11\x86\zlibdlldebug\tmp\crc32.obj
c:\users\binmatsui\downloads\zlib128\zlib-1.2.8\contrib\vstudio\vc11\x86\zlibdlldebug\tmp\compress.obj
c:\users\binmatsui\downloads\zlib128\zlib-1.2.8\contrib\vstudio\vc11\x86\zlibdlldebug\tmp\adler32.obj
c:\users\binmatsui\downloads\zlib128\zlib-1.2.8\contrib\vstudio\vc11\x86\zlibdlldebug\zlibwapi.ilk
c:\users\binmatsui\downloads\zlib128\zlib-1.2.8\contrib\vstudio\vc11\x86\zlibdlldebug\zlibwapi.dll
c:\users\binmatsui\downloads\zlib128\zlib-1.2.8\contrib\vstudio\vc11\x86\zlibdlldebug\zlibwapi.map
c:\users\binmatsui\downloads\zlib128\zlib-1.2.8\contrib\vstudio\vc11\x86\zlibdlldebug\zlibwapi.pdb
c:\users\binmatsui\downloads\zlib128\zlib-1.2.8\contrib\vstudio\vc11\x86\zlibdlldebug\tmp\zlib.res
c:\users\binmatsui\downloads\zlib128\zlib-1.2.8\contrib\vstudio\vc11\x86\zlibdlldebug\zlibwapi.lib
c:\users\binmatsui\downloads\zlib128\zlib-1.2.8\contrib\vstudio\vc11\x86\zlibdlldebug\zlibwapi.exp
c:\users\binmatsui\downloads\zlib128\zlib-1.2.8\contrib\vstudio\vc11\x86\zlibdlldebug\tmp\zlibvc.tlog\cl.command.1.tlog
c:\users\binmatsui\downloads\zlib128\zlib-1.2.8\contrib\vstudio\vc11\x86\zlibdlldebug\tmp\zlibvc.tlog\cl.read.1.tlog
c:\users\binmatsui\downloads\zlib128\zlib-1.2.8\contrib\vstudio\vc11\x86\zlibdlldebug\tmp\zlibvc.tlog\cl.write.1.tlog
c:\users\binmatsui\downloads\zlib128\zlib-1.2.8\contrib\vstudio\vc11\x86\zlibdlldebug\tmp\zlibvc.tlog\link.command.1.tlog
c:\users\binmatsui\downloads\zlib128\zlib-1.2.8\contrib\vstudio\vc11\x86\zlibdlldebug\tmp\zlibvc.tlog\link.read.1.tlog
c:\users\binmatsui\downloads\zlib128\zlib-1.2.8\contrib\vstudio\vc11\x86\zlibdlldebug\tmp\zlibvc.tlog\link.write.1.tlog
c:\users\binmatsui\downloads\zlib128\zlib-1.2.8\contrib\vstudio\vc11\x86\zlibdlldebug\tmp\zlibvc.tlog\rc.command.1.tlog
c:\users\binmatsui\downloads\zlib128\zlib-1.2.8\contrib\vstudio\vc11\x86\zlibdlldebug\tmp\zlibvc.tlog\rc.read.1.tlog
c:\users\binmatsui\downloads\zlib128\zlib-1.2.8\contrib\vstudio\vc11\x86\zlibdlldebug\tmp\zlibvc.tlog\rc.write.1.tlog
c:\users\binmatsui\downloads\zlib128\zlib-1.2.8\contrib\vstudio\vc11\x86\zlibdlldebug\tmp\zlibvc.tlog\zlibvc.write.1u.tlog
